[0.019s] Invoking command in '/home/ubuntu/bumperbot_ws/build/bumperbot_description': CMAKE_PREFIX_PATH=/opt/ros/humble /usr/bin/cmake --build /home/ubuntu/bumperbot_ws/build/bumperbot_description -- -j8 -l8
[0.184s] Invoked command in '/home/ubuntu/bumperbot_ws/build/bumperbot_description' returned '0': CMAKE_PREFIX_PATH=/opt/ros/humble /usr/bin/cmake --build /home/ubuntu/bumperbot_ws/build/bumperbot_description -- -j8 -l8
[0.186s] Invoking command in '/home/ubuntu/bumperbot_ws/build/bumperbot_description': CMAKE_PREFIX_PATH=/opt/ros/humble /usr/bin/cmake --install /home/ubuntu/bumperbot_ws/build/bumperbot_description
[0.191s] -- Install configuration: ""
[0.192s] -- Up-to-date: /home/ubuntu/bumperbot_ws/install/bumperbot_description/share/ament_index/resource_index/package_run_dependencies/bumperbot_description
[0.192s] -- Up-to-date: /home/ubuntu/bumperbot_ws/install/bumperbot_description/share/ament_index/resource_index/parent_prefix_path/bumperbot_description
[0.193s] -- Up-to-date: /home/ubuntu/bumperbot_ws/install/bumperbot_description/share/bumperbot_description/environment/ament_prefix_path.sh
[0.193s] -- Up-to-date: /home/ubuntu/bumperbot_ws/install/bumperbot_description/share/bumperbot_description/environment/ament_prefix_path.dsv
[0.193s] -- Up-to-date: /home/ubuntu/bumperbot_ws/install/bumperbot_description/share/bumperbot_description/environment/path.sh
[0.193s] -- Up-to-date: /home/ubuntu/bumperbot_ws/install/bumperbot_description/share/bumperbot_description/environment/path.dsv
[0.193s] -- Up-to-date: /home/ubuntu/bumperbot_ws/install/bumperbot_description/share/bumperbot_description/local_setup.bash
[0.193s] -- Up-to-date: /home/ubuntu/bumperbot_ws/install/bumperbot_description/share/bumperbot_description/local_setup.sh
[0.194s] -- Up-to-date: /home/ubuntu/bumperbot_ws/install/bumperbot_description/share/bumperbot_description/local_setup.zsh
[0.194s] -- Up-to-date: /home/ubuntu/bumperbot_ws/install/bumperbot_description/share/bumperbot_description/local_setup.dsv
[0.197s] -- Up-to-date: /home/ubuntu/bumperbot_ws/install/bumperbot_description/share/bumperbot_description/package.dsv
[0.198s] -- Up-to-date: /home/ubuntu/bumperbot_ws/install/bumperbot_description/share/ament_index/resource_index/packages/bumperbot_description
[0.198s] -- Up-to-date: /home/ubuntu/bumperbot_ws/install/bumperbot_description/share/bumperbot_description/cmake/bumperbot_descriptionConfig.cmake
[0.200s] -- Up-to-date: /home/ubuntu/bumperbot_ws/install/bumperbot_description/share/bumperbot_description/cmake/bumperbot_descriptionConfig-version.cmake
[0.200s] -- Up-to-date: /home/ubuntu/bumperbot_ws/install/bumperbot_description/share/bumperbot_description/package.xml
[0.200s] Invoked command in '/home/ubuntu/bumperbot_ws/build/bumperbot_description' returned '0': CMAKE_PREFIX_PATH=/opt/ros/humble /usr/bin/cmake --install /home/ubuntu/bumperbot_ws/build/bumperbot_description
