[0.027s] Invoking command in '/home/ubuntu/bumperbot_ws/build/bumperbot_description': CMAKE_PREFIX_PATH=${CMAKE_PREFIX_PATH}:/home/ubuntu/bumperbot_ws/install/bumperbot_py_examples:/opt/ros/humble /usr/bin/cmake --build /home/ubuntu/bumperbot_ws/build/bumperbot_description -- -j8 -l8
[0.072s] -- Found ament_cmake: 1.3.11 (/opt/ros/humble/share/ament_cmake/cmake)
[0.177s] -- Found ament_lint_auto: 0.12.11 (/opt/ros/humble/share/ament_lint_auto/cmake)
[0.235s] -- Added test 'flake8' to check Python code syntax and style conventions
[0.235s] -- Added test 'lint_cmake' to check CMake code style
[0.236s] -- Added test 'pep257' to check Python code against some of the docstring style conventions in PEP 257
[0.237s] -- Added test 'xmllint' to check XML markup files
[0.240s] -- Configuring done
[0.248s] -- Generating done
[0.251s] -- Build files have been written to: /home/ubuntu/bumperbot_ws/build/bumperbot_description
[0.263s] Invoked command in '/home/ubuntu/bumperbot_ws/build/bumperbot_description' returned '0': CMAKE_PREFIX_PATH=${CMAKE_PREFIX_PATH}:/home/ubuntu/bumperbot_ws/install/bumperbot_py_examples:/opt/ros/humble /usr/bin/cmake --build /home/ubuntu/bumperbot_ws/build/bumperbot_description -- -j8 -l8
[0.264s] Invoking command in '/home/ubuntu/bumperbot_ws/build/bumperbot_description': CMAKE_PREFIX_PATH=${CMAKE_PREFIX_PATH}:/home/ubuntu/bumperbot_ws/install/bumperbot_py_examples:/opt/ros/humble /usr/bin/cmake --install /home/ubuntu/bumperbot_ws/build/bumperbot_description
[0.266s] -- Install configuration: ""
[0.267s] -- Up-to-date: /home/ubuntu/bumperbot_ws/install/bumperbot_description/share/bumperbot_description/meshes
[0.267s] -- Up-to-date: /home/ubuntu/bumperbot_ws/install/bumperbot_description/share/bumperbot_description/meshes/wheel_right_link.STL
[0.267s] -- Up-to-date: /home/ubuntu/bumperbot_ws/install/bumperbot_description/share/bumperbot_description/meshes/caster_rear_link.STL
[0.267s] -- Up-to-date: /home/ubuntu/bumperbot_ws/install/bumperbot_description/share/bumperbot_description/meshes/caster_front_link.STL
[0.267s] -- Up-to-date: /home/ubuntu/bumperbot_ws/install/bumperbot_description/share/bumperbot_description/meshes/wheel_left_link.STL
[0.267s] -- Up-to-date: /home/ubuntu/bumperbot_ws/install/bumperbot_description/share/bumperbot_description/meshes/imu_link.STL
[0.267s] -- Up-to-date: /home/ubuntu/bumperbot_ws/install/bumperbot_description/share/bumperbot_description/meshes/base_link.STL
[0.267s] -- Up-to-date: /home/ubuntu/bumperbot_ws/install/bumperbot_description/share/bumperbot_description/urdf
[0.267s] -- Up-to-date: /home/ubuntu/bumperbot_ws/install/bumperbot_description/share/bumperbot_description/urdf/bumperbot.urdf.xacro
[0.267s] -- Installing: /home/ubuntu/bumperbot_ws/install/bumperbot_description/share/bumperbot_description/launch
[0.267s] -- Installing: /home/ubuntu/bumperbot_ws/install/bumperbot_description/share/bumperbot_description/launch/display.launch.py
[0.268s] -- Installing: /home/ubuntu/bumperbot_ws/install/bumperbot_description/share/bumperbot_description/rviz
[0.268s] -- Installing: /home/ubuntu/bumperbot_ws/install/bumperbot_description/share/bumperbot_description/rviz/display.rviz
[0.268s] -- Installing: /home/ubuntu/bumperbot_ws/install/bumperbot_description/share/ament_index/resource_index/package_run_dependencies/bumperbot_description
[0.268s] -- Installing: /home/ubuntu/bumperbot_ws/install/bumperbot_description/share/ament_index/resource_index/parent_prefix_path/bumperbot_description
[0.268s] -- Up-to-date: /home/ubuntu/bumperbot_ws/install/bumperbot_description/share/bumperbot_description/environment/ament_prefix_path.sh
[0.268s] -- Installing: /home/ubuntu/bumperbot_ws/install/bumperbot_description/share/bumperbot_description/environment/ament_prefix_path.dsv
[0.268s] -- Up-to-date: /home/ubuntu/bumperbot_ws/install/bumperbot_description/share/bumperbot_description/environment/path.sh
[0.268s] -- Installing: /home/ubuntu/bumperbot_ws/install/bumperbot_description/share/bumperbot_description/environment/path.dsv
[0.268s] -- Up-to-date: /home/ubuntu/bumperbot_ws/install/bumperbot_description/share/bumperbot_description/local_setup.bash
[0.268s] -- Up-to-date: /home/ubuntu/bumperbot_ws/install/bumperbot_description/share/bumperbot_description/local_setup.sh
[0.268s] -- Up-to-date: /home/ubuntu/bumperbot_ws/install/bumperbot_description/share/bumperbot_description/local_setup.zsh
[0.268s] -- Installing: /home/ubuntu/bumperbot_ws/install/bumperbot_description/share/bumperbot_description/local_setup.dsv
[0.268s] -- Installing: /home/ubuntu/bumperbot_ws/install/bumperbot_description/share/bumperbot_description/package.dsv
[0.268s] -- Up-to-date: /home/ubuntu/bumperbot_ws/install/bumperbot_description/share/ament_index/resource_index/packages/bumperbot_description
[0.269s] -- Up-to-date: /home/ubuntu/bumperbot_ws/install/bumperbot_description/share/bumperbot_description/cmake/bumperbot_descriptionConfig.cmake
[0.269s] -- Up-to-date: /home/ubuntu/bumperbot_ws/install/bumperbot_description/share/bumperbot_description/cmake/bumperbot_descriptionConfig-version.cmake
[0.269s] -- Installing: /home/ubuntu/bumperbot_ws/install/bumperbot_description/share/bumperbot_description/package.xml
[0.270s] Invoked command in '/home/ubuntu/bumperbot_ws/build/bumperbot_description' returned '0': CMAKE_PREFIX_PATH=${CMAKE_PREFIX_PATH}:/home/ubuntu/bumperbot_ws/install/bumperbot_py_examples:/opt/ros/humble /usr/bin/cmake --install /home/ubuntu/bumperbot_ws/build/bumperbot_description
