[0.009s] Invoking command in '/home/ubuntu/bumperbot_ws/build/bumperbot_cpp_examples': CMAKE_PREFIX_PATH=/opt/ros/humble /usr/bin/cmake /home/ubuntu/bumperbot_ws/src/bumperbot_cpp_examples -DCMAKE_INSTALL_PREFIX=/home/ubuntu/bumperbot_ws/install/bumperbot_cpp_examples
[0.156s] -- The C compiler identification is GNU 11.4.0
[0.234s] -- The CXX compiler identification is GNU 11.4.0
[0.246s] -- Detecting C compiler ABI info
[0.291s] -- Detecting C compiler ABI info - done
[0.296s] -- Check for working C compiler: /usr/bin/cc - skipped
[0.297s] -- Detecting C compile features
[0.297s] -- Detecting C compile features - done
[0.300s] -- Detecting CXX compiler ABI info
[0.348s] -- Detecting CXX compiler ABI info - done
[0.353s] -- Check for working CXX compiler: /usr/bin/c++ - skipped
[0.353s] -- Detecting CXX compile features
[0.353s] -- Detecting CXX compile features - done
[0.360s] -- Found ament_cmake: 1.3.11 (/opt/ros/humble/share/ament_cmake/cmake)
[0.453s] -- Found Python3: /usr/bin/python3 (found version "3.10.12") found components: Interpreter 
[0.526s] -- Found ament_lint_auto: 0.12.11 (/opt/ros/humble/share/ament_lint_auto/cmake)
[0.580s] -- Added test 'lint_cmake' to check CMake code style
[0.581s] -- Added test 'xmllint' to check XML markup files
[0.581s] -- Configuring done
[0.583s] -- Generating done
[0.584s] -- Build files have been written to: /home/ubuntu/bumperbot_ws/build/bumperbot_cpp_examples
[0.588s] Invoked command in '/home/ubuntu/bumperbot_ws/build/bumperbot_cpp_examples' returned '0': CMAKE_PREFIX_PATH=/opt/ros/humble /usr/bin/cmake /home/ubuntu/bumperbot_ws/src/bumperbot_cpp_examples -DCMAKE_INSTALL_PREFIX=/home/ubuntu/bumperbot_ws/install/bumperbot_cpp_examples
[0.589s] Invoking command in '/home/ubuntu/bumperbot_ws/build/bumperbot_cpp_examples': CMAKE_PREFIX_PATH=/opt/ros/humble /usr/bin/cmake --build /home/ubuntu/bumperbot_ws/build/bumperbot_cpp_examples -- -j8 -l8
[0.605s] Invoked command in '/home/ubuntu/bumperbot_ws/build/bumperbot_cpp_examples' returned '0': CMAKE_PREFIX_PATH=/opt/ros/humble /usr/bin/cmake --build /home/ubuntu/bumperbot_ws/build/bumperbot_cpp_examples -- -j8 -l8
[0.611s] Invoking command in '/home/ubuntu/bumperbot_ws/build/bumperbot_cpp_examples': CMAKE_PREFIX_PATH=/opt/ros/humble /usr/bin/cmake --install /home/ubuntu/bumperbot_ws/build/bumperbot_cpp_examples
[0.614s] -- Install configuration: ""
[0.614s] -- Installing: /home/ubuntu/bumperbot_ws/install/bumperbot_cpp_examples/share/ament_index/resource_index/package_run_dependencies/bumperbot_cpp_examples
[0.615s] -- Installing: /home/ubuntu/bumperbot_ws/install/bumperbot_cpp_examples/share/ament_index/resource_index/parent_prefix_path/bumperbot_cpp_examples
[0.615s] -- Installing: /home/ubuntu/bumperbot_ws/install/bumperbot_cpp_examples/share/bumperbot_cpp_examples/environment/ament_prefix_path.sh
[0.615s] -- Installing: /home/ubuntu/bumperbot_ws/install/bumperbot_cpp_examples/share/bumperbot_cpp_examples/environment/ament_prefix_path.dsv
[0.615s] -- Installing: /home/ubuntu/bumperbot_ws/install/bumperbot_cpp_examples/share/bumperbot_cpp_examples/environment/path.sh
[0.615s] -- Installing: /home/ubuntu/bumperbot_ws/install/bumperbot_cpp_examples/share/bumperbot_cpp_examples/environment/path.dsv
[0.615s] -- Installing: /home/ubuntu/bumperbot_ws/install/bumperbot_cpp_examples/share/bumperbot_cpp_examples/local_setup.bash
[0.615s] -- Installing: /home/ubuntu/bumperbot_ws/install/bumperbot_cpp_examples/share/bumperbot_cpp_examples/local_setup.sh
[0.615s] -- Installing: /home/ubuntu/bumperbot_ws/install/bumperbot_cpp_examples/share/bumperbot_cpp_examples/local_setup.zsh
[0.615s] -- Installing: /home/ubuntu/bumperbot_ws/install/bumperbot_cpp_examples/share/bumperbot_cpp_examples/local_setup.dsv
[0.615s] -- Installing: /home/ubuntu/bumperbot_ws/install/bumperbot_cpp_examples/share/bumperbot_cpp_examples/package.dsv
[0.616s] -- Installing: /home/ubuntu/bumperbot_ws/install/bumperbot_cpp_examples/share/ament_index/resource_index/packages/bumperbot_cpp_examples
[0.616s] -- Installing: /home/ubuntu/bumperbot_ws/install/bumperbot_cpp_examples/share/bumperbot_cpp_examples/cmake/bumperbot_cpp_examplesConfig.cmake
[0.616s] -- Installing: /home/ubuntu/bumperbot_ws/install/bumperbot_cpp_examples/share/bumperbot_cpp_examples/cmake/bumperbot_cpp_examplesConfig-version.cmake
[0.616s] -- Installing: /home/ubuntu/bumperbot_ws/install/bumperbot_cpp_examples/share/bumperbot_cpp_examples/package.xml
[0.617s] Invoked command in '/home/ubuntu/bumperbot_ws/build/bumperbot_cpp_examples' returned '0': CMAKE_PREFIX_PATH=/opt/ros/humble /usr/bin/cmake --install /home/ubuntu/bumperbot_ws/build/bumperbot_cpp_examples
