[0.014s] Invoking command in '/home/ubuntu/bumperbot_ws/build/bumperbot_description': CMAKE_PREFIX_PATH=${CMAKE_PREFIX_PATH}:/home/ubuntu/bumperbot_ws/install/bumperbot_py_examples:/opt/ros/humble /usr/bin/cmake --build /home/ubuntu/bumperbot_ws/build/bumperbot_description -- -j8 -l8
[0.166s] Invoked command in '/home/ubuntu/bumperbot_ws/build/bumperbot_description' returned '0': CMAKE_PREFIX_PATH=${CMAKE_PREFIX_PATH}:/home/ubuntu/bumperbot_ws/install/bumperbot_py_examples:/opt/ros/humble /usr/bin/cmake --build /home/ubuntu/bumperbot_ws/build/bumperbot_description -- -j8 -l8
[0.172s] Invoking command in '/home/ubuntu/bumperbot_ws/build/bumperbot_description': CMAKE_PREFIX_PATH=${CMAKE_PREFIX_PATH}:/home/ubuntu/bumperbot_ws/install/bumperbot_py_examples:/opt/ros/humble /usr/bin/cmake --install /home/ubuntu/bumperbot_ws/build/bumperbot_description
[0.177s] -- Install configuration: ""
[0.179s] -- Up-to-date: /home/ubuntu/bumperbot_ws/install/bumperbot_description/share/bumperbot_description/meshes
[0.179s] -- Up-to-date: /home/ubuntu/bumperbot_ws/install/bumperbot_description/share/bumperbot_description/meshes/wheel_right_link.STL
[0.179s] -- Up-to-date: /home/ubuntu/bumperbot_ws/install/bumperbot_description/share/bumperbot_description/meshes/caster_rear_link.STL
[0.179s] -- Up-to-date: /home/ubuntu/bumperbot_ws/install/bumperbot_description/share/bumperbot_description/meshes/caster_front_link.STL
[0.179s] -- Up-to-date: /home/ubuntu/bumperbot_ws/install/bumperbot_description/share/bumperbot_description/meshes/wheel_left_link.STL
[0.179s] -- Up-to-date: /home/ubuntu/bumperbot_ws/install/bumperbot_description/share/bumperbot_description/meshes/imu_link.STL
[0.179s] -- Up-to-date: /home/ubuntu/bumperbot_ws/install/bumperbot_description/share/bumperbot_description/meshes/base_link.STL
[0.179s] -- Up-to-date: /home/ubuntu/bumperbot_ws/install/bumperbot_description/share/bumperbot_description/urdf
[0.179s] -- Installing: /home/ubuntu/bumperbot_ws/install/bumperbot_description/share/bumperbot_description/urdf/bumperbot.urdf.xacro
[0.179s] -- Up-to-date: /home/ubuntu/bumperbot_ws/install/bumperbot_description/share/ament_index/resource_index/package_run_dependencies/bumperbot_description
[0.180s] -- Up-to-date: /home/ubuntu/bumperbot_ws/install/bumperbot_description/share/ament_index/resource_index/parent_prefix_path/bumperbot_description
[0.181s] -- Up-to-date: /home/ubuntu/bumperbot_ws/install/bumperbot_description/share/bumperbot_description/environment/ament_prefix_path.sh
[0.181s] -- Up-to-date: /home/ubuntu/bumperbot_ws/install/bumperbot_description/share/bumperbot_description/environment/ament_prefix_path.dsv
[0.181s] -- Up-to-date: /home/ubuntu/bumperbot_ws/install/bumperbot_description/share/bumperbot_description/environment/path.sh
[0.182s] -- Up-to-date: /home/ubuntu/bumperbot_ws/install/bumperbot_description/share/bumperbot_description/environment/path.dsv
[0.182s] -- Up-to-date: /home/ubuntu/bumperbot_ws/install/bumperbot_description/share/bumperbot_description/local_setup.bash
[0.183s] -- Up-to-date: /home/ubuntu/bumperbot_ws/install/bumperbot_description/share/bumperbot_description/local_setup.sh
[0.183s] -- Up-to-date: /home/ubuntu/bumperbot_ws/install/bumperbot_description/share/bumperbot_description/local_setup.zsh
[0.183s] -- Up-to-date: /home/ubuntu/bumperbot_ws/install/bumperbot_description/share/bumperbot_description/local_setup.dsv
[0.183s] -- Installing: /home/ubuntu/bumperbot_ws/install/bumperbot_description/share/bumperbot_description/package.dsv
[0.184s] -- Up-to-date: /home/ubuntu/bumperbot_ws/install/bumperbot_description/share/ament_index/resource_index/packages/bumperbot_description
[0.184s] -- Up-to-date: /home/ubuntu/bumperbot_ws/install/bumperbot_description/share/bumperbot_description/cmake/bumperbot_descriptionConfig.cmake
[0.184s] -- Up-to-date: /home/ubuntu/bumperbot_ws/install/bumperbot_description/share/bumperbot_description/cmake/bumperbot_descriptionConfig-version.cmake
[0.184s] -- Up-to-date: /home/ubuntu/bumperbot_ws/install/bumperbot_description/share/bumperbot_description/package.xml
[0.197s] Invoked command in '/home/ubuntu/bumperbot_ws/build/bumperbot_description' returned '0': CMAKE_PREFIX_PATH=${CMAKE_PREFIX_PATH}:/home/ubuntu/bumperbot_ws/install/bumperbot_py_examples:/opt/ros/humble /usr/bin/cmake --install /home/ubuntu/bumperbot_ws/build/bumperbot_description
